0 info it worked if it ends with ok
1 verbose cli [ 'C:\\Program Files\\nodejs\\node.exe',
1 verbose cli   'C:\\Users\\HanruNguyen\\AppData\\Roaming\\npm\\node_modules\\npm\\bin\\npm-cli.js',
1 verbose cli   'run',
1 verbose cli   'start-dev-server' ]
2 info using npm@3.10.8
3 info using node@v9.6.1
4 verbose run-script [ 'prestart-dev-server',
4 verbose run-script   'start-dev-server',
4 verbose run-script   'poststart-dev-server' ]
5 info lifecycle fe-shoppy@1.0.0~prestart-dev-server: fe-shoppy@1.0.0
6 silly lifecycle fe-shoppy@1.0.0~prestart-dev-server: no script for prestart-dev-server, continuing
7 info lifecycle fe-shoppy@1.0.0~start-dev-server: fe-shoppy@1.0.0
8 verbose lifecycle fe-shoppy@1.0.0~start-dev-server: unsafe-perm in lifecycle true
9 verbose lifecycle fe-shoppy@1.0.0~start-dev-server: PATH: C:\Users\HanruNguyen\AppData\Roaming\npm\node_modules\npm\bin\node-gyp-bin;F:\fe-shoppy\node_modules\.bin;F:\fe-shoppy\node_modules\.bin;C:\Users\HanruNguyen\AppData\Local\Yarn\config\link\node_modules\.bin;F:\fe-shoppy\node_modules\.bin;C:\Users\HanruNguyen\AppData\Local\Yarn\config\link\node_modules\.bin;C:\Users\HanruNguyen\AppData\Local\Yarn\bin;C:\Program Files\lib\node_modules\npm\bin\node-gyp-bin;C:\Program Files\nodejs\node_modules\npm\bin\node-gyp-bin;C:\Program Files\Git\mingw64\bin;C:\Program Files\Git\usr\bin;C:\Users\HanruNguyen\bin;C:\Ruby21-x64\bin;C:\WINDOWS\system32;C:\WINDOWS;C:\WINDOWS\System32\Wbem;C:\WINDOWS\System32\WindowsPowerShell\v1.0;C:\Program Files (x86)\ATI Technologies\ATI.ACE\Core-Static;C:\WINDOWS\system32\config\systemprofile\.dnx\bin;C:\Program Files\Microsoft DNX\Dnvm;C:\Program Files (x86)\Windows Live\Shared;C:\Program Files (x86)\Skype\Phone;C:\Program Files\Git\cmd;C:\Program Files\nodejs;C:\Ruby24-x64\bin;C:\Ruby200-x64\bin;%PATH;C:\Users\HanruNguyen\AppData\Local\Microsoft\WindowsApps;C:\Program Files\Microsoft VS Code\bin;C:\Users\HanruNguyen\AppData\Roaming\npm
10 verbose lifecycle fe-shoppy@1.0.0~start-dev-server: CWD: F:\fe-shoppy
11 silly lifecycle fe-shoppy@1.0.0~start-dev-server: Args: [ '/d /s /c', 'NODE_ENV=development nodemon server/index.js' ]
12 silly lifecycle fe-shoppy@1.0.0~start-dev-server: Returned: code: 1  signal: null
13 info lifecycle fe-shoppy@1.0.0~start-dev-server: Failed to exec start-dev-server script
14 verbose stack Error: fe-shoppy@1.0.0 start-dev-server: `NODE_ENV=development nodemon server/index.js`
14 verbose stack Exit status 1
14 verbose stack     at EventEmitter.<anonymous> (C:\Users\HanruNguyen\AppData\Roaming\npm\node_modules\npm\lib\utils\lifecycle.js:255:16)
14 verbose stack     at EventEmitter.emit (events.js:127:13)
14 verbose stack     at ChildProcess.<anonymous> (C:\Users\HanruNguyen\AppData\Roaming\npm\node_modules\npm\lib\utils\spawn.js:40:14)
14 verbose stack     at ChildProcess.emit (events.js:127:13)
14 verbose stack     at maybeClose (internal/child_process.js:933:16)
14 verbose stack     at Process.ChildProcess._handle.onexit (internal/child_process.js:220:5)
15 verbose pkgid fe-shoppy@1.0.0
16 verbose cwd F:\fe-shoppy
17 error Windows_NT 10.0.16299
18 error argv "C:\\Program Files\\nodejs\\node.exe" "C:\\Users\\HanruNguyen\\AppData\\Roaming\\npm\\node_modules\\npm\\bin\\npm-cli.js" "run" "start-dev-server"
19 error node v9.6.1
20 error npm  v3.10.8
21 error code ELIFECYCLE
22 error fe-shoppy@1.0.0 start-dev-server: `NODE_ENV=development nodemon server/index.js`
22 error Exit status 1
23 error Failed at the fe-shoppy@1.0.0 start-dev-server script 'NODE_ENV=development nodemon server/index.js'.
23 error Make sure you have the latest version of node.js and npm installed.
23 error If you do, this is most likely a problem with the fe-shoppy package,
23 error not with npm itself.
23 error Tell the author that this fails on your system:
23 error     NODE_ENV=development nodemon server/index.js
23 error You can get information on how to open an issue for this project with:
23 error     npm bugs fe-shoppy
23 error Or if that isn't available, you can get their info via:
23 error     npm owner ls fe-shoppy
23 error There is likely additional logging output above.
24 verbose exit [ 1, true ]
